Traceback (most recent call last):
  File "/home/ashish/paper11_code_execution_failures/scripts/gradient_attribution.py", line 16, in <module>
    from src.models.model_wrapper import CodeGenerationModel
  File "/home/ashish/paper11_code_execution_failures/src/models/model_wrapper.py", line 7, in <module>
    from transformers import AutoModelForCausalLM, AutoTokenizer
  File "<frozen importlib._bootstrap>", line 1412, in _handle_fromlist
  File "/home/ashish/paper11_code_execution_failures/venv/lib/python3.12/site-packages/transformers/utils/import_utils.py", line 2317, in __getattr__
    module = self._get_module(self._class_to_module[name])
             ^^^^^^^^^^^^^^^^^^^^^^^^^^^^^^^^^^^^^^^^^^^^^
  File "/home/ashish/paper11_code_execution_failures/venv/lib/python3.12/site-packages/transformers/utils/import_utils.py", line 2345, in _get_module
    return importlib.import_module("." + module_name, self.__name__)
           ^^^^^^^^^^^^^^^^^^^^^^^^^^^^^^^^^^^^^^^^^^^^^^^^^^^^^^^^^
  File "/usr/lib/python3.12/importlib/__init__.py", line 90, in import_module
    return _bootstrap._gcd_import(name[level:], package, level)
           ^^^^^^^^^^^^^^^^^^^^^^^^^^^^^^^^^^^^^^^^^^^^^^^^^^^^
  File "/home/ashish/paper11_code_execution_failures/venv/lib/python3.12/site-packages/transformers/models/auto/modeling_auto.py", line 23, in <module>
    from .auto_factory import (
  File "/home/ashish/paper11_code_execution_failures/venv/lib/python3.12/site-packages/transformers/models/auto/auto_factory.py", line 43, in <module>
    from ...generation import GenerationMixin
  File "<frozen importlib._bootstrap>", line 1412, in _handle_fromlist
  File "/home/ashish/paper11_code_execution_failures/venv/lib/python3.12/site-packages/transformers/utils/import_utils.py", line 2317, in __getattr__
    module = self._get_module(self._class_to_module[name])
             ^^^^^^^^^^^^^^^^^^^^^^^^^^^^^^^^^^^^^^^^^^^^^
  File "/home/ashish/paper11_code_execution_failures/venv/lib/python3.12/site-packages/transformers/utils/import_utils.py", line 2345, in _get_module
    return importlib.import_module("." + module_name, self.__name__)
           ^^^^^^^^^^^^^^^^^^^^^^^^^^^^^^^^^^^^^^^^^^^^^^^^^^^^^^^^^
  File "/usr/lib/python3.12/importlib/__init__.py", line 90, in import_module
    return _bootstrap._gcd_import(name[level:], package, level)
           ^^^^^^^^^^^^^^^^^^^^^^^^^^^^^^^^^^^^^^^^^^^^^^^^^^^^
  File "/home/ashish/paper11_code_execution_failures/venv/lib/python3.12/site-packages/transformers/generation/utils.py", line 43, in <module>
    from ..masking_utils import create_masks_for_generate
  File "/home/ashish/paper11_code_execution_failures/venv/lib/python3.12/site-packages/transformers/masking_utils.py", line 29, in <module>
    from torch.nn.attention.flex_attention import _DEFAULT_SPARSE_BLOCK_SIZE as flex_default_block_size
  File "/home/ashish/paper11_code_execution_failures/venv/lib/python3.12/site-packages/torch/nn/attention/flex_attention.py", line 15, in <module>
    from torch._dynamo._trace_wrapped_higher_order_op import TransformGetItemToIndex
  File "/home/ashish/paper11_code_execution_failures/venv/lib/python3.12/site-packages/torch/_dynamo/__init__.py", line 13, in <module>
    from . import config, convert_frame, eval_frame, resume_execution
  File "/home/ashish/paper11_code_execution_failures/venv/lib/python3.12/site-packages/torch/_dynamo/convert_frame.py", line 52, in <module>
    from torch._dynamo.symbolic_convert import TensorifyState
  File "/home/ashish/paper11_code_execution_failures/venv/lib/python3.12/site-packages/torch/_dynamo/symbolic_convert.py", line 57, in <module>
    from . import (
  File "/home/ashish/paper11_code_execution_failures/venv/lib/python3.12/site-packages/torch/_dynamo/trace_rules.py", line 32, in <module>
    from .variables import (
  File "/home/ashish/paper11_code_execution_failures/venv/lib/python3.12/site-packages/torch/_dynamo/variables/__init__.py", line 19, in <module>
    from .base import VariableTracker
  File "/home/ashish/paper11_code_execution_failures/venv/lib/python3.12/site-packages/torch/_dynamo/variables/base.py", line 581, in <module>
    from . import builder
  File "/home/ashish/paper11_code_execution_failures/venv/lib/python3.12/site-packages/torch/_dynamo/variables/builder.py", line 86, in <module>
    from ..side_effects import SideEffects
  File "/home/ashish/paper11_code_execution_failures/venv/lib/python3.12/site-packages/torch/_dynamo/side_effects.py", line 21, in <module>
    from .codegen import PyCodegen
  File "/home/ashish/paper11_code_execution_failures/venv/lib/python3.12/site-packages/torch/_dynamo/codegen.py", line 47, in <module>
    from .variables.nn_module import NNModuleVariable
  File "/home/ashish/paper11_code_execution_failures/venv/lib/python3.12/site-packages/torch/_dynamo/variables/nn_module.py", line 72, in <module>
    from .lazy import LazyVariableTracker
  File "/home/ashish/paper11_code_execution_failures/venv/lib/python3.12/site-packages/torch/_dynamo/variables/lazy.py", line 9, in <module>
    from .tensor import SymNodeVariable
  File "/home/ashish/paper11_code_execution_failures/venv/lib/python3.12/site-packages/torch/_dynamo/variables/tensor.py", line 47, in <module>
    from .._trace_wrapped_higher_order_op import trace_wrapped
  File "/home/ashish/paper11_code_execution_failures/venv/lib/python3.12/site-packages/torch/_dynamo/_trace_wrapped_higher_order_op.py", line 55, in <module>
    @torch.library.custom_op("flex_lib::zeros_and_scatter", mutates_args=())  # type: ignore[misc]
     ^^^^^^^^^^^^^^^^^^^^^^^^^^^^^^^^^^^^^^^^^^^^^^^^^^^^^^^^^^^^^^^^^^^^^^^
  File "/home/ashish/paper11_code_execution_failures/venv/lib/python3.12/site-packages/torch/_library/custom_ops.py", line 154, in inner
    result = CustomOpDef(namespace, opname, schema_str, fn)
             ^^^^^^^^^^^^^^^^^^^^^^^^^^^^^^^^^^^^^^^^^^^^^^
  File "/home/ashish/paper11_code_execution_failures/venv/lib/python3.12/site-packages/torch/_library/custom_ops.py", line 204, in __init__
    self._register_to_dispatcher()
  File "/home/ashish/paper11_code_execution_failures/venv/lib/python3.12/site-packages/torch/_library/custom_ops.py", line 624, in _register_to_dispatcher
    lib._register_fake(self._name, fake_impl, _stacklevel=4)
  File "/home/ashish/paper11_code_execution_failures/venv/lib/python3.12/site-packages/torch/library.py", line 193, in _register_fake
    source = torch._library.utils.get_source(_stacklevel + 1)
             ^^^^^^^^^^^^^^^^^^^^^^^^^^^^^^^^^^^^^^^^^^^^^^^^
  File "/home/ashish/paper11_code_execution_failures/venv/lib/python3.12/site-packages/torch/_library/utils.py", line 54, in get_source
    frame = inspect.getframeinfo(sys._getframe(stacklevel))
            ^^^^^^^^^^^^^^^^^^^^^^^^^^^^^^^^^^^^^^^^^^^^^^^
  File "/usr/lib/python3.12/inspect.py", line 1707, in getframeinfo
    lines, lnum = findsource(frame)
                  ^^^^^^^^^^^^^^^^^
  File "/usr/lib/python3.12/inspect.py", line 1083, in findsource
    module = getmodule(object, file)
             ^^^^^^^^^^^^^^^^^^^^^^^
  File "/usr/lib/python3.12/inspect.py", line 1009, in getmodule
    os.path.realpath(f)] = module.__name__
    ^^^^^^^^^^^^^^^^^^^
  File "<frozen posixpath>", line 435, in realpath
  File "<frozen posixpath>", line 479, in _joinrealpath
KeyboardInterrupt
